\BOOKMARK [0][-]{chapter*.1}{Abstract}{}% 1
\BOOKMARK [0][-]{chapter*.3}{Resumé}{}% 2
\BOOKMARK [0][-]{chapter*.5}{Acknowledgments}{}% 3
\BOOKMARK [0][-]{chapter.1}{Introduction}{}% 4
\BOOKMARK [0][-]{chapter.2}{M-types}{}% 5
\BOOKMARK [1][-]{section.2.1}{Containers\040/\040Signatures}{chapter.2}% 6
\BOOKMARK [1][-]{section.2.2}{ITrees\040as\040M-types}{chapter.2}% 7
\BOOKMARK [0][-]{chapter.3}{Guarded\040Cubical\040Type\040Theory\040\(GCTT\)}{}% 8
\BOOKMARK [1][-]{section.3.1}{Marin Löf Type Theory / Intuitionistic Type Theory \(MLTT\)}{chapter.3}% 9
\BOOKMARK [1][-]{section.3.2}{Higher\040Order\040Category\040Theory}{chapter.3}% 10
\BOOKMARK [1][-]{section.3.3}{Homotopy\040Theory\040\(HT\)}{chapter.3}% 11
\BOOKMARK [1][-]{section.3.4}{Homotopy\040Type\040Theory\040\(HoTT\)}{chapter.3}% 12
\BOOKMARK [1][-]{section.3.5}{Cubical\040Type\040Theory\040\(CTT\)}{chapter.3}% 13
\BOOKMARK [1][-]{section.3.6}{Guarded\040Type\040Theory\040\(GTT\)}{chapter.3}% 14
\BOOKMARK [1][-]{section.3.7}{Guarded\040Cubical\040Type\040Theory\040\(GCTT\)}{chapter.3}% 15
\BOOKMARK [0][-]{chapter.4}{Interaction\040Trees\040\(ITrees\)}{}% 16
\BOOKMARK [1][-]{section.4.1}{M-types}{chapter.4}% 17
\BOOKMARK [1][-]{section.4.2}{Definitions}{chapter.4}% 18
\BOOKMARK [1][-]{section.4.3}{Category\040Theory\040Diagrams}{chapter.4}% 19
\BOOKMARK [0][-]{chapter.5}{The\040Great\040Ideas}{}% 20
\BOOKMARK [0][-]{chapter.6}{Conclusion}{}% 21
\BOOKMARK [0][-]{section*.11}{Bibliography}{}% 22
\BOOKMARK [0][-]{appendix.A}{The\040Technical\040Details}{}% 23
